2023-06-30  INFO 18363 --- [restartedMain] c.s.s.SchoolmanagementappApplication     : Starting SchoolmanagementappApplication using Java 17.0.6 with PID 18363 (/home/pranav/code-practise/Spring-Imtiaz/schoolmanagementapp/target/classes started by pranav in /home/pranav/code-practise/Spring-Imtiaz/schoolmanagementapp)
2023-06-30 DEBUG 18363 --- [restartedMain] c.s.s.SchoolmanagementappApplication     : Running with Spring Boot v3.1.0, Spring v6.0.9
2023-06-30  INFO 18363 --- [restartedMain] c.s.s.SchoolmanagementappApplication     : The following 1 profile is active: "test"
2023-06-30  INFO 18363 --- [restartedMain] .s.d.r.c.RepositoryConfigurationDelegate : Bootstrapping Spring Data JPA repositories in DEFAULT mode.
2023-06-30  INFO 18363 --- [restartedMain] .s.d.r.c.RepositoryConfigurationDelegate : Finished Spring Data repository scanning in 13 ms. Found 3 JPA repository interfaces.
2023-06-30  INFO 18363 --- [restartedMain] o.s.b.w.embedded.tomcat.TomcatWebServer  : Tomcat initialized with port(s): 9092 (http)
2023-06-30  INFO 18363 --- [restartedMain] w.s.c.ServletWebServerApplicationContext : Root WebApplicationContext: initialization completed in 490 ms
2023-06-30  INFO 18363 --- [restartedMain] o.s.b.a.h2.H2ConsoleAutoConfiguration    : H2 console available at '/h2-console'. Database available at 'jdbc:h2:mem:testdb'
2023-06-30  INFO 18363 --- [restartedMain] o.s.o.j.p.SpringPersistenceUnitInfo      : No LoadTimeWeaver setup: ignoring JPA class transformer
2023-06-30  INFO 18363 --- [restartedMain] j.LocalContainerEntityManagerFactoryBean : Initialized JPA EntityManagerFactory for persistence unit 'default'
2023-06-30  WARN 18363 --- [restartedMain] JpaBaseConfiguration$JpaWebConfiguration : spring.jpa.open-in-view is enabled by default. Therefore, database queries may be performed during view rendering. Explicitly configure spring.jpa.open-in-view to disable this warning
2023-06-30  INFO 18363 --- [restartedMain] o.s.b.a.w.s.WelcomePageHandlerMapping    : Adding welcome page template: index
2023-06-30  INFO 18363 --- [restartedMain] o.s.b.d.a.OptionalLiveReloadServer       : LiveReload server is running on port 35729
2023-06-30  INFO 18363 --- [restartedMain] o.s.b.a.e.web.EndpointLinksResolver      : Exposing 1 endpoint(s) beneath base path '/actuator'
2023-06-30  INFO 18363 --- [restartedMain] o.s.b.w.embedded.tomcat.TomcatWebServer  : Tomcat started on port(s): 9092 (http) with context path ''
2023-06-30  INFO 18363 --- [restartedMain] c.s.s.SchoolmanagementappApplication     : Started SchoolmanagementappApplication in 1.265 seconds (process running for 249.523)
2023-06-30  INFO 18363 --- [restartedMain] .ConditionEvaluationDeltaLoggingListener : Condition evaluation delta:


==========================
CONDITION EVALUATION DELTA
==========================


Positive matches:
-----------------

   LogFileWebEndpointAutoConfiguration#logFileWebEndpoint matched:
      - Log File found logging.file.name app.log (LogFileWebEndpointAutoConfiguration.LogFileCondition)
      - @ConditionalOnMissingBean (types: org.springframework.boot.actuate.logging.LogFileWebEndpoint; SearchStrategy: all) did not find any beans (OnBeanCondition)


Negative matches:
-----------------

    None


Exclusions:
-----------

    None


Unconditional classes:
----------------------

    None



2023-06-30  INFO 18363 --- [http-nio-9092-exec-1] o.s.web.servlet.DispatcherServlet        : Initializing Servlet 'dispatcherServlet'
2023-06-30  INFO 18363 --- [http-nio-9092-exec-1] o.s.web.servlet.DispatcherServlet        : Completed initialization in 6 ms
2023-06-30 DEBUG 18363 --- [http-nio-9092-exec-1] c.s.s.logging.ApplicationLoggerAspect    : 
 
 

2023-06-30 DEBUG 18363 --- [http-nio-9092-exec-1] c.s.s.logging.ApplicationLoggerAspect    : ***********Before method Execution************* 
 com.shankar.schoolmanagementapp.Controller.ClassroomController.displayClassroom () with arguments[s] = [{}] 
2023-06-30 DEBUG 18363 --- [http-nio-9092-exec-1] c.s.s.logging.ApplicationLoggerAspect    : ------------------------------------------------------------

2023-06-30 DEBUG 18363 --- [http-nio-9092-exec-1] c.s.s.logging.ApplicationLoggerAspect    : ***********After method Execution************* 
 com.shankar.schoolmanagementapp.Controller.ClassroomController.displayClassroom () with arguments[s] = [{classroom=com.shankar.schoolmanagementapp.entities.Classroom@a3c25a5, classrooms=[], teachers=[], students=[]}] 
2023-06-30 DEBUG 18363 --- [http-nio-9092-exec-1] c.s.s.logging.ApplicationLoggerAspect    : ------------------------------------------------------------

2023-06-30  WARN 18363 --- [http-nio-9092-exec-1] actStandardFragmentInsertionTagProcessor : [THYMELEAF][http-nio-9092-exec-1][classroom/classroom] Deprecated unwrapped fragment expression "layout :: sma-header" found in template classroom/classroom, line 3, col 8. Please use the complete syntax of fragment expressions instead ("~{layout :: sma-header}"). The old, unwrapped syntax for fragment expressions will be removed in future versions of Thymeleaf.
2023-06-30  WARN 18363 --- [http-nio-9092-exec-1] actStandardFragmentInsertionTagProcessor : [THYMELEAF][http-nio-9092-exec-1][classroom/classroom] Deprecated unwrapped fragment expression "layout :: sma-body" found in template classroom/classroom, line 5, col 10. Please use the complete syntax of fragment expressions instead ("~{layout :: sma-body}"). The old, unwrapped syntax for fragment expressions will be removed in future versions of Thymeleaf.
2023-06-30 DEBUG 18363 --- [http-nio-9092-exec-2] c.s.s.logging.ApplicationLoggerAspect    : 
 
 

2023-06-30 DEBUG 18363 --- [http-nio-9092-exec-2] c.s.s.logging.ApplicationLoggerAspect    : ***********Before method Execution************* 
 com.shankar.schoolmanagementapp.Controller.TeacherController.displayTeacher () with arguments[s] = [{}] 
2023-06-30 DEBUG 18363 --- [http-nio-9092-exec-2] c.s.s.logging.ApplicationLoggerAspect    : ------------------------------------------------------------

2023-06-30 DEBUG 18363 --- [http-nio-9092-exec-2] c.s.s.logging.ApplicationLoggerAspect    : ***********After method Execution************* 
 com.shankar.schoolmanagementapp.Controller.TeacherController.displayTeacher () with arguments[s] = [{teacher=com.shankar.schoolmanagementapp.entities.Teacher@13ce649a, teachers=[]}] 
2023-06-30 DEBUG 18363 --- [http-nio-9092-exec-2] c.s.s.logging.ApplicationLoggerAspect    : ------------------------------------------------------------

2023-06-30  WARN 18363 --- [http-nio-9092-exec-2] actStandardFragmentInsertionTagProcessor : [THYMELEAF][http-nio-9092-exec-2][teacher/teacher] Deprecated unwrapped fragment expression "layout :: sma-header" found in template teacher/teacher, line 3, col 8. Please use the complete syntax of fragment expressions instead ("~{layout :: sma-header}"). The old, unwrapped syntax for fragment expressions will be removed in future versions of Thymeleaf.
2023-06-30  WARN 18363 --- [http-nio-9092-exec-2] actStandardFragmentInsertionTagProcessor : [THYMELEAF][http-nio-9092-exec-2][teacher/teacher] Deprecated unwrapped fragment expression "layout :: sma-body" found in template teacher/teacher, line 5, col 10. Please use the complete syntax of fragment expressions instead ("~{layout :: sma-body}"). The old, unwrapped syntax for fragment expressions will be removed in future versions of Thymeleaf.
